<?xml version="1.0" encoding="UTF-8"?>
<!-- Generated by org.testng.reporters.JUnitReportReporter -->
<testsuite skipped="0" hostname="Yash-Ka-Patel" name="com.test.StartWarsCharacter" tests="1" failures="0" timestamp="22 May 2019 22:53:48 GMT" time="31.649" errors="0">
  <testcase name="specifiedStarWarPlanets" time="31.649" classname="com.test.StartWarsCharacter"/>
</testsuite> <!-- com.test.StartWarsCharacter -->
